[Step 0] Simulation initialized.
[Step 0] MSE: 0.131204, Impr: 0.000000. Reducing target influence to 0.79 (stagnating: 1).
[Step 0] Stagnation detected. Reducing critic target weight to 0.80.
[Step 400] Name created.
[Step 402] Ritualized: n4A89
[Step 500] MSE: 0.062934, Impr: 0.068270. Reducing target influence to 0.79 (stagnating: 0).
[Step 500] Aesthetic stagnation! Mutating Critic parameters.
[Step 800] Name created.
[Step 804] Ritualized: n2781
[Step 1000] Invoking Ritual: n2781
[Step 1000] MSE: 0.040224, Impr: 0.022710. Reducing target influence to 0.79 (stagnating: 0).
[Step 1000] Aesthetic stagnation! Mutating Critic parameters.
[Step 1200] Name created.
[Step 1207] Ritualized: n33CC
[Step 1500] MSE: 0.023449, Impr: 0.016775. Reducing target influence to 0.79 (stagnating: 0).
[Step 1500] Aesthetic stagnation! Mutating Critic parameters.
[Step 1600] Name created.
[Step 1608] Ritualized: nFD44
[Step 2000] Invoking Ritual: n33CC
[Step 2000] Name created.
[Step 2000] Ritual 'n2781' is splitting due to high dissonance!
[Step 2000] MSE: 0.012796, Impr: 0.010653. Reducing target influence to 0.79 (stagnating: 0).
[Step 2000] Aesthetic stagnation! Mutating Critic parameters.
[Step 2221] Ritualized: nCC70
[Step 2400] Name created.
[Step 2417] Ritualized: n06BD
[Step 2500] MSE: 0.007834, Impr: 0.004962. Reducing target influence to 0.78 (stagnating: 0).
[Step 2500] Aesthetic stagnation! Mutating Critic parameters.
[Step 2800] Name created.
[Step 2822] Ritualized: n2EB8
[Step 3000] Transitioning to Pattern Writing Mode.
[Step 3000] Saved pattern snapshot pattern_snapshot_01000.png
[Step 3000] Saved pattern snapshot pattern_snapshot_02000.png
[Step 3000] Saved pattern snapshot pattern_snapshot_03000.png
[Step 3000] Saved pattern snapshot pattern_snapshot_04000.png
[Step 3000] Saved pattern snapshot pattern_snapshot_05000.png
[Step 3000] Saved pattern snapshot pattern_snapshot_06000.png
[Step 3000] Saved pattern snapshot pattern_snapshot_07000.png
[Step 3000] Saved pattern snapshot pattern_snapshot_08000.png
[Step 3000] Saved pattern snapshot pattern_snapshot_09000.png
[Step 3000] Saved pattern snapshot pattern_snapshot_10000.png
[Step 3000] Saved pattern snapshot pattern_snapshot_11000.png
[Step 3000] Saved pattern snapshot pattern_snapshot_12000.png
[Step 3000] Saved pattern snapshot pattern_snapshot_13000.png
[Step 3000] Saved pattern snapshot pattern_snapshot_14000.png
[Step 3000] Saved pattern snapshot pattern_snapshot_15000.png
[Step 3000] Saved pattern snapshot pattern_snapshot_16000.png
[Step 3000] Saved pattern snapshot pattern_snapshot_17000.png
[Step 3000] Saved pattern snapshot pattern_snapshot_18000.png
[Step 3000] Saved pattern snapshot pattern_snapshot_19000.png
[Step 3000] Saved pattern snapshot pattern_snapshot_20000.png
[Step 3000] Saved pattern snapshot pattern_snapshot_21000.png
[Step 3000] Saved pattern snapshot pattern_snapshot_22000.png
[Step 3000] Saved pattern snapshot pattern_snapshot_23000.png
[Step 3000] Saved pattern snapshot pattern_snapshot_24000.png
[Step 3000] Saved pattern snapshot pattern_snapshot_25000.png
[Step 3000] Saved pattern snapshot pattern_snapshot_26000.png
[Step 3000] Saved pattern snapshot pattern_snapshot_27000.png
